c:\credentialprovider\cpp\samplev2.98e74d71\x64\release\vc143.pdb
c:\credentialprovider\cpp\samplev2.98e74d71\x64\release\helpers.obj
c:\credentialprovider\cpp\samplev2.98e74d71\x64\release\guid.obj
c:\credentialprovider\cpp\samplev2.98e74d71\x64\release\dll.obj
c:\credentialprovider\cpp\samplev2.98e74d71\x64\release\csampleprovider.obj
c:\credentialprovider\cpp\samplev2.98e74d71\x64\release\csamplecredential.obj
c:\credentialprovider\cpp\samplev2.98e74d71\x64\release\resources.res
c:\credentialprovider\cpp\x64\release\samplev2credentialprovider.lib
c:\credentialprovider\cpp\x64\release\samplev2credentialprovider.exp
c:\credentialprovider\cpp\samplev2.98e74d71\x64\release\samplev2credentialprovider.ipdb
c:\credentialprovider\cpp\samplev2.98e74d71\x64\release\samplev2credentialprovider.iobj
c:\credentialprovider\cpp\x64\release\samplev2credentialprovider.pdb
c:\credentialprovider\cpp\samplev2.98e74d71\x64\release\samplev2.98e74d71.tlog\cl.command.1.tlog
c:\credentialprovider\cpp\samplev2.98e74d71\x64\release\samplev2.98e74d71.tlog\cl.items.tlog
c:\credentialprovider\cpp\samplev2.98e74d71\x64\release\samplev2.98e74d71.tlog\cl.read.1.tlog
c:\credentialprovider\cpp\samplev2.98e74d71\x64\release\samplev2.98e74d71.tlog\cl.write.1.tlog
c:\credentialprovider\cpp\samplev2.98e74d71\x64\release\samplev2.98e74d71.tlog\link.command.1.tlog
c:\credentialprovider\cpp\samplev2.98e74d71\x64\release\samplev2.98e74d71.tlog\link.read.1.tlog
c:\credentialprovider\cpp\samplev2.98e74d71\x64\release\samplev2.98e74d71.tlog\link.secondary.1.tlog
c:\credentialprovider\cpp\samplev2.98e74d71\x64\release\samplev2.98e74d71.tlog\link.write.1.tlog
c:\credentialprovider\cpp\samplev2.98e74d71\x64\release\samplev2.98e74d71.tlog\rc.command.1.tlog
c:\credentialprovider\cpp\samplev2.98e74d71\x64\release\samplev2.98e74d71.tlog\rc.read.1.tlog
c:\credentialprovider\cpp\samplev2.98e74d71\x64\release\samplev2.98e74d71.tlog\rc.write.1.tlog
